Copyright 1986-2020 Xilinx, Inc. All Rights Reserved.
------------------------------------------------------------------------------------
| Tool Version : Vivado v.2020.2 (lin64) Build 3064766 Wed Nov 18 09:12:47 MST 2020
| Date         : Sun Jun 20 15:04:03 2021
| Host         : joan running 64-bit unknown
| Command      : report_control_sets -verbose -file overlay_control_sets_placed.rpt
| Design       : overlay
| Device       : xc7z020
------------------------------------------------------------------------------------

Control Set Information

Table of Contents
-----------------
1. Summary
2. Histogram
3. Flip-Flop Distribution
4. Detailed Control Set Information

1. Summary
----------

+----------------------------------------------------------+-------+
|                          Status                          | Count |
+----------------------------------------------------------+-------+
| Total control sets                                       |   106 |
|    Minimum number of control sets                        |   106 |
|    Addition due to synthesis replication                 |     0 |
|    Addition due to physical synthesis replication        |     0 |
| Unused register locations in slices containing registers |   103 |
+----------------------------------------------------------+-------+
* Control sets can be merged at opt_design using control_set_merge or merge_equivalent_drivers
** Run report_qor_suggestions for automated merging and remapping suggestions


2. Histogram
------------

+--------------------+-------+
|       Fanout       | Count |
+--------------------+-------+
| Total control sets |   106 |
| >= 0 to < 4        |     2 |
| >= 4 to < 6        |     7 |
| >= 6 to < 8        |     7 |
| >= 8 to < 10       |     5 |
| >= 10 to < 12      |     1 |
| >= 12 to < 14      |     1 |
| >= 14 to < 16      |     2 |
| >= 16              |    81 |
+--------------------+-------+
* Control sets can be remapped at either synth_design or opt_design


3. Flip-Flop Distribution
-------------------------

+--------------+-----------------------+------------------------+-----------------+--------------+
| Clock Enable | Synchronous Set/Reset | Asynchronous Set/Reset | Total Registers | Total Slices |
+--------------+-----------------------+------------------------+-----------------+--------------+
| No           | No                    | No                     |             457 |          130 |
| No           | No                    | Yes                    |               0 |            0 |
| No           | Yes                   | No                     |             116 |           45 |
| Yes          | No                    | No                     |            2243 |          650 |
| Yes          | No                    | Yes                    |               0 |            0 |
| Yes          | Yes                   | No                     |             257 |           63 |
+--------------+-----------------------+------------------------+-----------------+--------------+


4. Detailed Control Set Information
-----------------------------------

+--------------------+--------------------------------------------------------------------------------------------------------------------------------------------------+-----------------------------------------------------------------------------------------------------------------------------------------------------------+------------------+----------------+--------------+
|    Clock Signal    |                                                                   Enable Signal                                                                  |                                                                      Set/Reset Signal                                                                     | Slice Load Count | Bel Load Count | Bels / Slice |
+--------------------+--------------------------------------------------------------------------------------------------------------------------------------------------+-----------------------------------------------------------------------------------------------------------------------------------------------------------+------------------+----------------+--------------+
|  ps/inst/FCLK_CLK0 | ps_axi_periph/s00_couplers/auto_pc/inst/gen_axilite.gen_b2s_conv.axilite_b2s/WR.aw_channel_0/aw_cmd_fsm_0/FSM_sequential_state_reg[0]_1          | ps_axi_periph/s00_couplers/auto_pc/inst/gen_axilite.gen_b2s_conv.axilite_b2s/WR.aw_channel_0/aw_cmd_fsm_0/FSM_sequential_state_reg[0]_0                   |                1 |              1 |         1.00 |
|  ps/inst/FCLK_CLK0 | ps_axi_periph/s00_couplers/auto_pc/inst/gen_axilite.gen_b2s_conv.axilite_b2s/WR.b_channel_0/bid_fifo_0/sel                                       |                                                                                                                                                           |                1 |              2 |         2.00 |
|  ps/inst/FCLK_CLK0 | amix/inst/ap_CS_fsm_pp0_stage0                                                                                                                   |                                                                                                                                                           |                3 |              4 |         1.33 |
|  ps/inst/FCLK_CLK0 | ps_axi_periph/s00_couplers/auto_pc/inst/gen_axilite.gen_b2s_conv.axilite_b2s/RD.ar_channel_0/ar_cmd_fsm_0/m_axi_arready_2                        | ps_axi_periph/s00_couplers/auto_pc/inst/gen_axilite.gen_b2s_conv.axilite_b2s/RD.ar_channel_0/ar_cmd_fsm_0/FSM_sequential_state_reg[1]_0                   |                2 |              4 |         2.00 |
|  ps/inst/FCLK_CLK0 |                                                                                                                                                  | ps_axi_periph/s00_couplers/auto_pc/inst/gen_axilite.gen_b2s_conv.axilite_b2s/SI_REG/aw.aw_pipe/aresetn_d_reg[0]_0                                         |                3 |              4 |         1.33 |
|  ps/inst/FCLK_CLK0 |                                                                                                                                                  | ps_axi_periph/s00_couplers/auto_pc/inst/gen_axilite.gen_b2s_conv.axilite_b2s/SI_REG/ar.ar_pipe/aresetn_d_reg[1]_inv_0                                     |                3 |              4 |         1.33 |
|  ps/inst/FCLK_CLK0 |                                                                                                                                                  | rst_ps_50M/U0/EXT_LPF/lpf_int                                                                                                                             |                3 |              4 |         1.33 |
|  ps/inst/FCLK_CLK0 | ps_axi_periph/s00_couplers/auto_pc/inst/gen_axilite.gen_b2s_conv.axilite_b2s/RD.r_channel_0/transaction_fifo_0/cnt_read[4]_i_1_n_0               | ps_axi_periph/s00_couplers/auto_pc/inst/gen_axilite.gen_b2s_conv.axilite_b2s/areset_d1                                                                    |                1 |              5 |         5.00 |
|  ps/inst/FCLK_CLK0 | ps_axi_periph/s00_couplers/auto_pc/inst/gen_axilite.gen_b2s_conv.axilite_b2s/RD.r_channel_0/rd_data_fifo_0/cnt_read[4]_i_1__0_n_0                | ps_axi_periph/s00_couplers/auto_pc/inst/gen_axilite.gen_b2s_conv.axilite_b2s/areset_d1                                                                    |                2 |              5 |         2.50 |
|  ps/inst/FCLK_CLK0 | rst_ps_50M/U0/SEQ/seq_cnt_en                                                                                                                     | rst_ps_50M/U0/SEQ/SEQ_COUNTER/clear                                                                                                                       |                1 |              6 |         6.00 |
|  ps/inst/FCLK_CLK0 | amix/inst/control_s_axi_U/waddr                                                                                                                  |                                                                                                                                                           |                2 |              6 |         3.00 |
|  ps/inst/FCLK_CLK0 | amix/inst/icmp_ln63_reg_11000                                                                                                                    |                                                                                                                                                           |                3 |              7 |         2.33 |
|  ps/inst/FCLK_CLK0 |                                                                                                                                                  | amix/inst/fmul_32ns_32ns_32_4_max_dsp_1_U2/amix_ap_fmul_2_max_dsp_32_u/inst/i_synth/MULT.OP/i_non_prim.EXP/SIG_DELAY/i_pipe/p_1_in10_out                  |                2 |              7 |         3.50 |
|  ps/inst/FCLK_CLK0 | amix/inst/add_ln57_reg_13540                                                                                                                     |                                                                                                                                                           |                4 |              7 |         1.75 |
|  ps/inst/FCLK_CLK0 | amix/inst/ap_phi_mux_i_phi_fu_337_p41                                                                                                            | amix/inst/control_s_axi_U/ap_CS_fsm_reg[0][0]                                                                                                             |                2 |              7 |         3.50 |
|  ps/inst/FCLK_CLK0 |                                                                                                                                                  | amix/inst/fmul_32ns_32ns_32_4_max_dsp_1_U3/amix_ap_fmul_2_max_dsp_32_u/inst/i_synth/MULT.OP/i_non_prim.EXP/SIG_DELAY/i_pipe/p_1_in10_out                  |                2 |              7 |         3.50 |
|  ps/inst/FCLK_CLK0 | ps_axi_periph/s00_couplers/auto_pc/inst/gen_axilite.gen_b2s_conv.axilite_b2s/RD.ar_channel_0/ar_cmd_fsm_0/sel_first_reg[0]                       |                                                                                                                                                           |                3 |              8 |         2.67 |
|  ps/inst/FCLK_CLK0 | ps_axi_periph/s00_couplers/auto_pc/inst/gen_axilite.gen_b2s_conv.axilite_b2s/WR.aw_channel_0/aw_cmd_fsm_0/m_valid_i_reg[0]                       |                                                                                                                                                           |                4 |              8 |         2.00 |
|  ps/inst/FCLK_CLK0 | ps_axi_periph/s00_couplers/auto_pc/inst/gen_axilite.gen_b2s_conv.axilite_b2s/RD.ar_channel_0/ar_cmd_fsm_0/E[0]                                   |                                                                                                                                                           |                3 |              8 |         2.67 |
|  ps/inst/FCLK_CLK0 | ps_axi_periph/s00_couplers/auto_pc/inst/gen_axilite.gen_b2s_conv.axilite_b2s/WR.aw_channel_0/cmd_translator_0/incr_cmd_0/axaddr_incr[11]_i_1_n_0 |                                                                                                                                                           |                2 |              8 |         4.00 |
|  ps/inst/FCLK_CLK0 | ps_axi_periph/s00_couplers/auto_pc/inst/gen_axilite.gen_b2s_conv.axilite_b2s/WR.b_channel_0/mhandshake_r                                         | ps_axi_periph/s00_couplers/auto_pc/inst/gen_axilite.gen_b2s_conv.axilite_b2s/WR.b_channel_0/bid_fifo_0/SR[0]                                              |                3 |              8 |         2.67 |
|  ps/inst/FCLK_CLK0 |                                                                                                                                                  | ps_axi_periph/s00_couplers/auto_pc/inst/gen_axilite.gen_b2s_conv.axilite_b2s/areset_d1                                                                    |                5 |             10 |         2.00 |
|  ps/inst/FCLK_CLK0 | ps_axi_periph/s00_couplers/auto_pc/inst/gen_axilite.gen_b2s_conv.axilite_b2s/RD.r_channel_0/r_push_r                                             |                                                                                                                                                           |                4 |             13 |         3.25 |
|  ps/inst/FCLK_CLK0 | ps_axi_periph/s00_couplers/auto_pc/inst/gen_axilite.gen_b2s_conv.axilite_b2s/SI_REG/b.b_pipe/p_1_in                                              |                                                                                                                                                           |                2 |             14 |         7.00 |
|  ps/inst/FCLK_CLK0 | ps_axi_periph/s00_couplers/auto_pc/inst/gen_axilite.gen_b2s_conv.axilite_b2s/SI_REG/b.b_pipe/s_ready_i_reg_0                                     |                                                                                                                                                           |                2 |             14 |         7.00 |
|  ps/inst/FCLK_CLK0 | ps_axi_periph/s00_couplers/auto_pc/inst/gen_axilite.gen_b2s_conv.axilite_b2s/WR.aw_channel_0/aw_cmd_fsm_0/m_axi_awready_0                        |                                                                                                                                                           |                3 |             16 |         5.33 |
|  ps/inst/FCLK_CLK0 | ps_axi_periph/s00_couplers/auto_pc/inst/gen_axilite.gen_b2s_conv.axilite_b2s/RD.ar_channel_0/ar_cmd_fsm_0/m_axi_arready_2                        |                                                                                                                                                           |                7 |             17 |         2.43 |
|  ps/inst/FCLK_CLK0 | ps_axi_periph/s00_couplers/auto_pc/inst/gen_axilite.gen_b2s_conv.axilite_b2s/WR.aw_channel_0/aw_cmd_fsm_0/FSM_sequential_state_reg[0]_1          |                                                                                                                                                           |                7 |             20 |         2.86 |
|  ps/inst/FCLK_CLK0 |                                                                                                                                                  | amix/inst/fmul_32ns_32ns_32_4_max_dsp_1_U3/amix_ap_fmul_2_max_dsp_32_u/inst/i_synth/MULT.OP/i_non_prim.EXP/SIG_DELAY/i_pipe/opt_has_pipe.first_q_reg[2]_0 |                7 |             22 |         3.14 |
|  ps/inst/FCLK_CLK0 |                                                                                                                                                  | amix/inst/fmul_32ns_32ns_32_4_max_dsp_1_U2/amix_ap_fmul_2_max_dsp_32_u/inst/i_synth/MULT.OP/i_non_prim.EXP/SIG_DELAY/i_pipe/opt_has_pipe.first_q_reg[2]_0 |                6 |             22 |         3.67 |
|  ps/inst/FCLK_CLK0 | ps_axi_periph/s00_couplers/auto_pc/inst/gen_axilite.gen_b2s_conv.axilite_b2s/SI_REG/ar.ar_pipe/s_ready_i_reg_0                                   |                                                                                                                                                           |                8 |             28 |         3.50 |
|  ps/inst/FCLK_CLK0 | ps_axi_periph/s00_couplers/auto_pc/inst/gen_axilite.gen_b2s_conv.axilite_b2s/RD.ar_channel_0/ar_cmd_fsm_0/m_valid_i_reg[0]                       |                                                                                                                                                           |                7 |             28 |         4.00 |
|  ps/inst/FCLK_CLK0 | ps_axi_periph/s00_couplers/auto_pc/inst/gen_axilite.gen_b2s_conv.axilite_b2s/SI_REG/aw.aw_pipe/s_ready_i_reg_0                                   |                                                                                                                                                           |                6 |             28 |         4.67 |
|  ps/inst/FCLK_CLK0 | ps_axi_periph/s00_couplers/auto_pc/inst/gen_axilite.gen_b2s_conv.axilite_b2s/WR.aw_channel_0/aw_cmd_fsm_0/E[0]                                   |                                                                                                                                                           |                8 |             28 |         3.50 |
|  ps/inst/FCLK_CLK0 | amix/inst/control_s_axi_U/ar_hs                                                                                                                  | amix/inst/control_s_axi_U/rdata[31]_i_1_n_0                                                                                                               |               10 |             30 |         3.00 |
|  ps/inst/FCLK_CLK0 | amix/inst/control_s_axi_U/ap_CS_fsm_reg[0]_0                                                                                                     | amix/inst/control_s_axi_U/int_ap_start_reg_1                                                                                                              |                7 |             31 |         4.43 |
|  ps/inst/FCLK_CLK0 | amix/inst/shift_reg_420                                                                                                                          |                                                                                                                                                           |               12 |             32 |         2.67 |
|  ps/inst/FCLK_CLK0 | amix/inst/shift_reg_50                                                                                                                           |                                                                                                                                                           |               10 |             32 |         3.20 |
|  ps/inst/FCLK_CLK0 | amix/inst/shift_reg_490                                                                                                                          |                                                                                                                                                           |               14 |             32 |         2.29 |
|  ps/inst/FCLK_CLK0 | amix/inst/shift_reg_480                                                                                                                          |                                                                                                                                                           |               11 |             32 |         2.91 |
|  ps/inst/FCLK_CLK0 | amix/inst/shift_reg_470                                                                                                                          |                                                                                                                                                           |                7 |             32 |         4.57 |
|  ps/inst/FCLK_CLK0 | amix/inst/shift_reg_460                                                                                                                          |                                                                                                                                                           |               12 |             32 |         2.67 |
|  ps/inst/FCLK_CLK0 | amix/inst/shift_reg_45[31]_i_1_n_0                                                                                                               |                                                                                                                                                           |                8 |             32 |         4.00 |
|  ps/inst/FCLK_CLK0 | amix/inst/shift_reg_44[31]_i_1_n_0                                                                                                               |                                                                                                                                                           |               18 |             32 |         1.78 |
|  ps/inst/FCLK_CLK0 | amix/inst/shift_reg_430                                                                                                                          |                                                                                                                                                           |                8 |             32 |         4.00 |
|  ps/inst/FCLK_CLK0 | amix/inst/shift_reg_80                                                                                                                           |                                                                                                                                                           |               18 |             32 |         1.78 |
|  ps/inst/FCLK_CLK0 | amix/inst/shift_reg_410                                                                                                                          |                                                                                                                                                           |               13 |             32 |         2.46 |
|  ps/inst/FCLK_CLK0 | amix/inst/shift_reg_400                                                                                                                          |                                                                                                                                                           |               10 |             32 |         3.20 |
|  ps/inst/FCLK_CLK0 | amix/inst/shift_reg_40                                                                                                                           |                                                                                                                                                           |                6 |             32 |         5.33 |
|  ps/inst/FCLK_CLK0 | amix/inst/shift_reg_390                                                                                                                          |                                                                                                                                                           |                9 |             32 |         3.56 |
|  ps/inst/FCLK_CLK0 | amix/inst/shift_reg_380                                                                                                                          |                                                                                                                                                           |                8 |             32 |         4.00 |
|  ps/inst/FCLK_CLK0 | amix/inst/shift_reg_60                                                                                                                           |                                                                                                                                                           |                6 |             32 |         5.33 |
|  ps/inst/FCLK_CLK0 | amix/inst/shift_reg_70                                                                                                                           |                                                                                                                                                           |                6 |             32 |         5.33 |
|  ps/inst/FCLK_CLK0 | amix/inst/control_s_axi_U/int_sample_in[31]_i_1_n_0                                                                                              | amix/inst/ap_rst_n_inv                                                                                                                                    |                5 |             32 |         6.40 |
|  ps/inst/FCLK_CLK0 | amix/inst/shift_reg_90                                                                                                                           |                                                                                                                                                           |               24 |             32 |         1.33 |
|  ps/inst/FCLK_CLK0 | amix/inst/shift_reg_180                                                                                                                          |                                                                                                                                                           |                7 |             32 |         4.57 |
|  ps/inst/FCLK_CLK0 | amix/inst/ap_CS_fsm_state19                                                                                                                      |                                                                                                                                                           |                5 |             32 |         6.40 |
|  ps/inst/FCLK_CLK0 | amix/inst/empty_13_reg_4980                                                                                                                      |                                                                                                                                                           |                6 |             32 |         5.33 |
|  ps/inst/FCLK_CLK0 | ps_axi_periph/s00_couplers/auto_pc/inst/gen_axilite.gen_b2s_conv.axilite_b2s/RD.r_channel_0/rd_data_fifo_0/wr_en0                                |                                                                                                                                                           |                9 |             32 |         3.56 |
|  ps/inst/FCLK_CLK0 | amix/inst/shift_reg_140                                                                                                                          |                                                                                                                                                           |                9 |             32 |         3.56 |
|  ps/inst/FCLK_CLK0 | amix/inst/ap_phi_reg_pp0_iter0_phi_ln66_reg_381                                                                                                  |                                                                                                                                                           |               21 |             32 |         1.52 |
|  ps/inst/FCLK_CLK0 | amix/inst/control_s_axi_U/int_gain_hp[31]_i_1_n_0                                                                                                | amix/inst/ap_rst_n_inv                                                                                                                                    |                8 |             32 |         4.00 |
|  ps/inst/FCLK_CLK0 | amix/inst/control_s_axi_U/E[0]                                                                                                                   |                                                                                                                                                           |               10 |             32 |         3.20 |
|  ps/inst/FCLK_CLK0 | amix/inst/control_s_axi_U/int_gain_lp[31]_i_1_n_0                                                                                                | amix/inst/ap_rst_n_inv                                                                                                                                    |               10 |             32 |         3.20 |
|  ps/inst/FCLK_CLK0 | amix/inst/control_s_axi_U/int_gain_bp[31]_i_1_n_0                                                                                                | amix/inst/ap_rst_n_inv                                                                                                                                    |                6 |             32 |         5.33 |
|  ps/inst/FCLK_CLK0 | amix/inst/control_s_axi_U/ap_CS_fsm_reg[0]_1[0]                                                                                                  |                                                                                                                                                           |                7 |             32 |         4.57 |
|  ps/inst/FCLK_CLK0 | amix/inst/shift_reg_130                                                                                                                          |                                                                                                                                                           |               11 |             32 |         2.91 |
|  ps/inst/FCLK_CLK0 | amix/inst/mul5_reg_13940                                                                                                                         |                                                                                                                                                           |                7 |             32 |         4.57 |
|  ps/inst/FCLK_CLK0 | amix/inst/shift_reg_10                                                                                                                           |                                                                                                                                                           |                6 |             32 |         5.33 |
|  ps/inst/FCLK_CLK0 | amix/inst/reg_5280                                                                                                                               |                                                                                                                                                           |                5 |             32 |         6.40 |
|  ps/inst/FCLK_CLK0 | amix/inst/reg_5340                                                                                                                               |                                                                                                                                                           |                7 |             32 |         4.57 |
|  ps/inst/FCLK_CLK0 | amix/inst/shift_reg_00                                                                                                                           |                                                                                                                                                           |                7 |             32 |         4.57 |
|  ps/inst/FCLK_CLK0 | amix/inst/shift_reg_100                                                                                                                          |                                                                                                                                                           |                7 |             32 |         4.57 |
|  ps/inst/FCLK_CLK0 | amix/inst/shift_reg_110                                                                                                                          |                                                                                                                                                           |                9 |             32 |         3.56 |
|  ps/inst/FCLK_CLK0 | amix/inst/shift_reg_120                                                                                                                          |                                                                                                                                                           |                9 |             32 |         3.56 |
|  ps/inst/FCLK_CLK0 | amix/inst/shift_reg_360                                                                                                                          |                                                                                                                                                           |                6 |             32 |         5.33 |
|  ps/inst/FCLK_CLK0 | amix/inst/shift_reg_190                                                                                                                          |                                                                                                                                                           |                7 |             32 |         4.57 |
|  ps/inst/FCLK_CLK0 | amix/inst/shift_reg_20                                                                                                                           |                                                                                                                                                           |               10 |             32 |         3.20 |
|  ps/inst/FCLK_CLK0 | amix/inst/ap_phi_reg_pp0_iter0_empty_13_reg_498                                                                                                  |                                                                                                                                                           |                9 |             32 |         3.56 |
|  ps/inst/FCLK_CLK0 | amix/inst/ap_CS_fsm_state29                                                                                                                      | amix/inst/ap_rst_n_inv                                                                                                                                    |                5 |             32 |         6.40 |
|  ps/inst/FCLK_CLK0 | amix/inst/shift_reg_200                                                                                                                          |                                                                                                                                                           |               11 |             32 |         2.91 |
|  ps/inst/FCLK_CLK0 | amix/inst/shift_reg_160                                                                                                                          |                                                                                                                                                           |                8 |             32 |         4.00 |
|  ps/inst/FCLK_CLK0 | amix/inst/shift_reg_150                                                                                                                          |                                                                                                                                                           |                8 |             32 |         4.00 |
|  ps/inst/FCLK_CLK0 | amix/inst/shift_reg_170                                                                                                                          |                                                                                                                                                           |               12 |             32 |         2.67 |
|  ps/inst/FCLK_CLK0 | amix/inst/shift_reg_210                                                                                                                          |                                                                                                                                                           |                5 |             32 |         6.40 |
|  ps/inst/FCLK_CLK0 | amix/inst/shift_reg_370                                                                                                                          |                                                                                                                                                           |                8 |             32 |         4.00 |
|  ps/inst/FCLK_CLK0 | amix/inst/shift_reg_350                                                                                                                          |                                                                                                                                                           |                9 |             32 |         3.56 |
|  ps/inst/FCLK_CLK0 | amix/inst/shift_reg_340                                                                                                                          |                                                                                                                                                           |                6 |             32 |         5.33 |
|  ps/inst/FCLK_CLK0 | amix/inst/shift_reg_330                                                                                                                          |                                                                                                                                                           |               10 |             32 |         3.20 |
|  ps/inst/FCLK_CLK0 | amix/inst/shift_reg_320                                                                                                                          |                                                                                                                                                           |               14 |             32 |         2.29 |
|  ps/inst/FCLK_CLK0 | amix/inst/shift_reg_310                                                                                                                          |                                                                                                                                                           |               14 |             32 |         2.29 |
|  ps/inst/FCLK_CLK0 | amix/inst/shift_reg_300                                                                                                                          |                                                                                                                                                           |               10 |             32 |         3.20 |
|  ps/inst/FCLK_CLK0 | amix/inst/shift_reg_30                                                                                                                           |                                                                                                                                                           |                5 |             32 |         6.40 |
|  ps/inst/FCLK_CLK0 | amix/inst/shift_reg_290                                                                                                                          |                                                                                                                                                           |               10 |             32 |         3.20 |
|  ps/inst/FCLK_CLK0 | amix/inst/shift_reg_280                                                                                                                          |                                                                                                                                                           |                8 |             32 |         4.00 |
|  ps/inst/FCLK_CLK0 | amix/inst/shift_reg_270                                                                                                                          |                                                                                                                                                           |                8 |             32 |         4.00 |
|  ps/inst/FCLK_CLK0 | amix/inst/shift_reg_260                                                                                                                          |                                                                                                                                                           |                8 |             32 |         4.00 |
|  ps/inst/FCLK_CLK0 | amix/inst/shift_reg_250                                                                                                                          |                                                                                                                                                           |                6 |             32 |         5.33 |
|  ps/inst/FCLK_CLK0 | amix/inst/shift_reg_240                                                                                                                          |                                                                                                                                                           |                7 |             32 |         4.57 |
|  ps/inst/FCLK_CLK0 | amix/inst/shift_reg_230                                                                                                                          |                                                                                                                                                           |               14 |             32 |         2.29 |
|  ps/inst/FCLK_CLK0 | amix/inst/shift_reg_220                                                                                                                          |                                                                                                                                                           |                8 |             32 |         4.00 |
|  ps/inst/FCLK_CLK0 | amix/inst/mul4_reg_13890                                                                                                                         |                                                                                                                                                           |                5 |             32 |         6.40 |
|  ps/inst/FCLK_CLK0 |                                                                                                                                                  | amix/inst/ap_rst_n_inv                                                                                                                                    |               14 |             36 |         2.57 |
|  ps/inst/FCLK_CLK0 | ps_axi_periph/s00_couplers/auto_pc/inst/gen_axilite.gen_b2s_conv.axilite_b2s/SI_REG/r.r_pipe/s_ready_i_reg_0                                     |                                                                                                                                                           |               12 |             45 |         3.75 |
|  ps/inst/FCLK_CLK0 | ps_axi_periph/s00_couplers/auto_pc/inst/gen_axilite.gen_b2s_conv.axilite_b2s/SI_REG/r.r_pipe/p_1_in                                              |                                                                                                                                                           |                8 |             45 |         5.62 |
|  ps/inst/FCLK_CLK0 |                                                                                                                                                  |                                                                                                                                                           |              131 |            458 |         3.50 |
+--------------------+--------------------------------------------------------------------------------------------------------------------------------------------------+-----------------------------------------------------------------------------------------------------------------------------------------------------------+------------------+----------------+--------------+


