#-----------------------------------------------------------
# Vivado v2020.2 (64-bit)
# SW Build 3064766 on Wed Nov 18 09:12:47 MST 2020
# IP Build 3064653 on Wed Nov 18 14:17:31 MST 2020
# Start of session at: Sun Jun 20 14:07:49 2021
# Process ID: 735603
# Current directory: /home/hk19197/awesomeaudiomixer
# Command line: vivado -mode tcl -source rtl-proj.tcl
# Log file: /home/hk19197/awesomeaudiomixer/vivado.log
# Journal file: /home/hk19197/awesomeaudiomixer/vivado.jou
#-----------------------------------------------------------
source rtl-proj.tcl
# create_project -part xc7z020-1clg400 rtl.xpr rtl-proj
# set_property ip_repo_paths hls-proj [current_project]
# update_ip_catalog
INFO: [IP_Flow 19-234] Refreshing IP repositories
INFO: [IP_Flow 19-1700] Loaded user IP repository '/home/hk19197/awesomeaudiomixer/hls-proj'.
INFO: [IP_Flow 19-2313] Loaded Vivado IP repository '/opt/Xilinx/Vivado/2020.2/data/ip'.
# create_bd_design overlay
Wrote  : </home/hk19197/awesomeaudiomixer/rtl-proj/rtl.srcs/sources_1/bd/overlay/overlay.bd> 
# open_bd_design overlay
# create_bd_cell -vlnv xilinx.com:ip:processing_system7 ps
# create_bd_cell -vlnv xilinx.com:hls:amix amix
# save_bd_design
Wrote  : </home/hk19197/awesomeaudiomixer/rtl-proj/rtl.srcs/sources_1/bd/overlay/overlay.bd> 
# set_property top overlay [current_fileset]
# exit
INFO: [Common 17-206] Exiting Vivado at Sun Jun 20 14:08:07 2021...
