#-----------------------------------------------------------
# Vivado v2020.2 (64-bit)
# SW Build 3064766 on Wed Nov 18 09:12:47 MST 2020
# IP Build 3064653 on Wed Nov 18 14:17:31 MST 2020
# Start of session at: Sun Jun 20 14:54:10 2021
# Process ID: 857500
# Current directory: /home/hk19197/awesomeaudiomixer/hls-proj/s/impl/ip
# Command line: vivado -notrace -mode batch -source run_ippack.tcl
# Log file: /home/hk19197/awesomeaudiomixer/hls-proj/s/impl/ip/vivado.log
# Journal file: /home/hk19197/awesomeaudiomixer/hls-proj/s/impl/ip/vivado.jou
#-----------------------------------------------------------
source run_ippack.tcl -notrace
INFO: [IP_Flow 19-234] Refreshing IP repositories
INFO: [IP_Flow 19-1704] No user IP repositories specified
INFO: [IP_Flow 19-2313] Loaded Vivado IP repository '/opt/Xilinx/Vivado/2020.2/data/ip'.
WARNING: [IP_Flow 19-4832] The IP name 'amix_ap_fadd_3_full_dsp_32' you have specified is long. The Windows operating system has path length limitations. It is recommended you use shorter names to reduce the likelihood of issues.
create_ip: Time (s): cpu = 00:00:06 ; elapsed = 00:00:07 . Memory (MB): peak = 2332.016 ; gain = 43.016 ; free physical = 151222 ; free virtual = 175568
INFO: [IP_Flow 19-1686] Generating 'Synthesis' target for IP 'amix_ap_fadd_3_full_dsp_32'...
INFO: [IP_Flow 19-1686] Generating 'Simulation' target for IP 'amix_ap_fadd_3_full_dsp_32'...
create_ip: Time (s): cpu = 00:00:05 ; elapsed = 00:00:05 . Memory (MB): peak = 2332.016 ; gain = 0.000 ; free physical = 151206 ; free virtual = 175561
INFO: [IP_Flow 19-1686] Generating 'Synthesis' target for IP 'amix_ap_fmul_2_max_dsp_32'...
INFO: [IP_Flow 19-1686] Generating 'Simulation' target for IP 'amix_ap_fmul_2_max_dsp_32'...
INFO: [IP_Flow 19-234] Refreshing IP repositories
INFO: [IP_Flow 19-1704] No user IP repositories specified
INFO: [IP_Flow 19-2313] Loaded Vivado IP repository '/opt/Xilinx/Vivado/2020.2/data/ip'.
INFO: [Common 17-206] Exiting Vivado at Sun Jun 20 14:54:39 2021...
